:
!
.
[
[
[[
]]
{
}
2to3
2to3-2.7
2to3-3.2
a2p
aa-status
accept
accessdb
aconnect
acpi_available
acpid
acpi_fakekey
acpi_listen
add-apt-repository
addgroup
addpart
addr2line
add-shell
adduser
agetty
alacarte
alert
alias
_alias
_allowed_groups
_allowed_users
alsa
alsactl
alsaloop
alsamixer
alsaucm
amidi
amixer
amuFormat.sh
anacron
apg
apgbfm
aplay
aplaymidi
apm_available
apparmor_parser
apparmor_status
appletviewer
_apport-bug
apport-bug
_apport-cli
apport-cli
_apport-collect
apport-collect
_apport_parameterless
_apport_symptoms
_apport-unpack
apport-unpack
appres
apropos
apt
apt-add-repository
_apt_cache
apt-cache
apt-cdrom
apt-config
aptd
aptdcon
apt-extracttemplates
apt-ftparchive
_apt_get
apt-get
apt-internal-solver
apt-key
apt-mark
apt-sortpkgs
apturl
apturl-gtk
ar
arch
arecord
arecordmidi
arm2hpdl
arp
arpd
arping
as
aseqdump
aseqnet
aspell
_aspell
aspell-autobuildhash
_aspell_dictionary
aspell-import
at
atd
atobm
atop
atop-1.26
atopsar
atopsar-1.26
atq
atrm
autopackage
__autopackage_addBashPath
avahi-autoipd
avahi-browse
avahi-browse-domains
avahi-daemon
avahi-publish
avahi-publish-address
avahi-publish-service
avahi-resolve
avahi-resolve-address
avahi-resolve-host-name
avahi-set-host-name
_available_interfaces
_avctrl
avivotool
awk
_axi_cache
axi-cache
badblocks
_badblocks
bamz
banshee
baobab
base64
basename
bash
bashbug
batch
bc
bccmd
bdftopcf
bdftruncate
bg
bind
biosdecode
bison
bison.yacc
bitmap
blender
blenderplayer
blkid
blockdev
_bluetooth_adresses
bluetooth-agent
bluetooth-applet
bluetoothd
_bluetooth_devices
_bluetooth_packet_types
bluetooth-sendto
_bluetooth_services
bluetooth-wizard
bluez-simple-agent
bluez-simple-service
bluez-test-adapter
bluez-test-audio
bluez-test-device
bluez-test-discovery
bluez-test-input
bluez-test-manager
bluez-test-network
bluez-test-serial
bluez-test-service
bluez-test-telephony
bmtoa
bootlogd
brasero
break
brltty
brltty-setup
bsd-from
bsd-write
btcflash
builtin
bunzip2
busybox
bzcat
bzcmp
bzdiff
bzegrep
bzexe
bzfgrep
bzgrep
bzip2
_bzip2
bzip2recover
bzless
bzmore
c++
c2ph
c89
c89-gcc
c99
c99-gcc
cal
calendar
calibrate_ppa
caller
canberra-gtk-play
cancel
_cancel
capinfos
capsh
captoinfo
_cardctl
caribou
caribou-preferences
case
cat
catchsegv
catman
cautious-launcher
cc
cd
_cd
cd-create-profile
_cd_devices
cd-fix-profile
cdrecord
_cdrecord
certutil
cfdisk
c++filt
chacl
chacl
chage
_chage
chardet
charmap
chat
chattr
chcon
checkbox-gtk
check-language-support
chfn
chgpasswd
chgrp
_chgrp
chkdupexe
chmod
chown
_chown
chpasswd
_chpasswd
chromium-browser
chroot
chrt
chsh
_chsh
chvt
cifscreds
cifs.idmap
cifs.upcall
ciptool
_ciptool
ckbcomp
ck-history
ck-launch-session
ck-list-sessions
ck-log-system-restart
ck-log-system-start
ck-log-system-stop
cksum
clear
clear_console
cli
cli-gacutil
cmp
codepage
col
colcrt
colormgr
colrm
column
comm
command
_command
command2foo2lava-pjl
command_not_found_handle
_command_offset
_comp_dpkg_installed_packages
compgen
compiz
compiz-decorator
complete
_complete
_complete_as_root
compopt
_compopt_o_filenames
compose
config_data
_configure
_configured_interfaces
console-kit-daemon
continue
coproc
corelist
_count_args
cp
cpan
cpan2dist
_cpan2dist
cpanp
cpanp-run-perl
cpgr
cpio
_cpio
_cpio_format
cpp
cpp-4.6
cppw
cpufreq-selector
crda
c_rehash
cron
crontab
_crontab
_cryptsetup_device
_cryptsetup_name
csplit
csslint-0.6
ctrlaltdel
ctstat
cupsaccept
cupsaddsmb
cups-calibrate
cupsctl
cupsd
cupsdisable
cupsenable
cupsfilter
cups-genppdupdate
cupsreject
cupstestdsc
cupstestppd
cut
cvt
cytune
dash
date
dbus-cleanup-sockets
dbus-daemon
dbus-launch
dbus-monitor
dbus-send
dbus-uuidgen
dc
dd
_dd
ddate
deallocvt
debconf
debconf-apt-progress
debconf-communicate
debconf-copydb
debconf-escape
debconf-set-selections
_debconf_show
debconf-show
debugfs
declare
defoma
defoma-app
defoma-font
defoma-hints
defoma-id
defoma-reconfigure
defoma-subst
defoma-user
deja-dup
deja-dup-preferences
delgroup
delpart
deluser
depmod
dequote
desktop-file-install
_desktop_file_validate
desktop-file-validate
devdump
df
dfutool
_dfutool
dh_bash-completion
dhclient
_dhclient
dhclient3
dhclient-script
dh_dkms
dh_installdefoma
dh_installxmlcatalogs
dh_pysupport
dh_python2
diff
diff3
dig
dir
dircolors
directomatic
dirname
dirs
dirsplit
disown
dkms
_dkms
dmesg
dmidecode
dmsetup
dm-tool
dnsdomainname
dnsmasq
do
domainname
done
do-release-upgrade
dosfsck
dosfslabel
dotlockfile
dpkg
_dpkg
dpkg-deb
dpkg-divert
dpkg-divert
dpkg-log-summary
dpkg-maintscript-helper
dpkg-preconfigure
dpkg-query
_dpkg_reconfigure
dpkg-reconfigure
dpkg-split
dpkg-statoverride
dpkg-statoverride
dpkg-trigger
dprofpp
dtrace
du
dumpcap
dumpe2fs
_dumpe2fs
dumphint
dumpkeys
dumpkeys
duplicity
_dvd_devices
dvd-ram-control
dvd+rw-booktype
dvd+rw-format
dvd+rw-mediainfo
dvipdf
e2freefrag
_e2freefrag
e2fsck
e2image
e2label
_e2label
e2undo
echo
echo
ed
edit
editcap
editor
editres
egrep
egrep
eject
elfedit
elif
else
empathy
empathy-accounts
empathy-debugger
enable
enc2xs
enchant
enchant-lsmod
env
envsubst
eog
eps2eps
eqn
esac
esc-m
esd
esdcompat
espeak
eval
eventlogadm
evince
evince-previewer
evince-thumbnailer
ex
exec
exit
exiv2
expand
_expand
__expand_tilde_by_ref
expiry
export
_export
expr
extcheck
factor
faillog
_faillog
faked-sysv
faked-tcp
fakeroot
fakeroot-sysv
fakeroot-tcp
fallocate
false
false
fc
fc-cache
fc-cat
fc-list
fc-match
fc-query
fc-scan
fdformat
fdisk
fg
fgconsole
fgrep
fgrep
fi
file
_filedir
_filedir_xspec
filefrag
_filefrag
_filename_parts
file-roller
find
_find
find2perl
findfs
findmnt
findsmb
firefox
flex
flex++
flock
fmt
fold
font2c
fontconfig-voodoo
fonttosfnt
foo2hiperc
foo2hiperc-wrapper
foo2hp
foo2hp2600-wrapper
foo2lava
foo2lava-wrapper
foo2oak
foo2oak-wrapper
foo2qpdl
foo2qpdl-wrapper
foo2slx
foo2slx-wrapper
foo2xqx
foo2xqx-wrapper
foo2zjs
foo2zjs-icc2ps
foo2zjs-pstops
foo2zjs-wrapper
foomatic-addpjloptions
foomatic-cleanupdrivers
foomatic-combo-xml
foomatic-compiledb
foomatic-configure
foomatic-datafile
foomatic-extract-text
foomatic-fix-xml
foomatic-getpjloptions
foomatic-kitload
foomatic-nonumericalids
foomatic-perl-data
foomatic-ppdfile
foomatic-ppd-options
foomatic-ppd-to-xml
foomatic-preferred-driver
foomatic-printermap-to-gutenprint-xml
foomatic-printjob
foomatic-replaceoldprinterids
foomatic-rip
foomatic-searchprinter
for
free
fribidi
from
fsck
fsck.cramfs
fsck.ext2
fsck.ext3
fsck.ext4
fsck.ext4dev
fsck.minix
fsck.msdos
fsck.nfs
fsck.vfat
fsfreeze
fslsfonts
fstab-decode
fstobdf
fstrim
_fstypes
ftp
function
_function
funzip
fuser
fusermount
_fusermount
g++
g++-4.6
gacutil
gamma4scanimage
gbrainy
gcalccmd
gcalctool
gcc
_gcc
gcc-4.6
gconf-merge-tree
gconf-schemas
gconftool
gconftool-2
gcore
gcov
gcov-4.6
gcr-viewer
gdb
_gdb
gdbtui
gdbus
gdialog
gdmflexiserver
gedit
gencat
genisoimage
geqn
GET
getcap
_get_comp_words_by_ref
getconf
_get_cword
__get_cword_at_cursor_by_ref
geteltorito
getent
_getent
getfacl
getfacl
_get_first_arg
gethostip
getkeycodes
getopt
getopts
getpcaps
_get_pword
gettext
gettext.sh
getty
getweb
ghostscript
_gids
ginn
ginstall-info
gio-querymodules
gipddecode
gjs
gjs-console
gksu
gksudo
gksu-properties
glib-compile-schemas
glxdemo
glxgears
glxheads
glxinfo
gnome-calculator
gnome-character-map
gnome-codec-install
gnome-control-center
gnome-desktop-item-edit
gnome-file-share-properties
gnome-font-viewer
gnome-help
gnome-keyring
gnome-keyring-3
gnome-keyring-daemon
gnome-language-selector
gnome-menus-blacklist
gnome-nettool
gnome-panel
gnome-panel-screenshot
gnome-power-statistics
gnome-screensaver
gnome-screensaver-command
gnome-screenshot
gnome-search-tool
gnome-session
gnome-session-fallback
gnome-session-properties
gnome-session-quit
gnome-settings-daemon
gnome-shell
gnome-shell-extension-tool
gnome-sound-applet
gnome-sound-recorder
gnome-sudoku
gnome-system-log
gnome-system-monitor
gnome-terminal
gnome-terminal.wrapper
gnome-text-editor
gnome-thumbnail-font
gnome-wm
gnome-www-browser
gnomine
gold
gpasswd
_gpasswd
gpg
_gpg
gpgsplit
gpgv
gpg-zip
gpic
gprof
grep
grep
groff
grog
grops
grotty
groupadd
_groupadd
groupdel
groupmod
_groupmod
groups
growisofs
_growisofs
grpck
_grpck
grpconv
grpunconv
grub-bin2h
__grubcomp
__grub_dir
_grub_editenv
grub-editenv
grub-fstest
__grub_get_last_option
__grub_get_options_from_help
__grub_get_options_from_usage
_grub_install
grub-install
grub-kbdcomp
__grub_list_menuentries
__grub_list_modules
grub-menulst2cfg
_grub_mkconfig
grub-mkconfig
grub-mkdevicemap
_grub_mkfont
grub-mkfont
_grub_mkimage
grub-mkimage
grub-mklayout
grub-mknetdir
_grub_mkpasswd-pbkdf2
grub-mkpasswd-pbkdf2
grub-mkrelpath
_grub_mkrescue
grub-mkrescue
grub-mount
grub-ntldr-img
_grub_probe
grub-probe
grub-reboot
_grub_script-check
grub-script-check
grub-set-default
_grub_set_entry
_grub_setup
grub-setup
gs
gsbj
gsdj
gsdj500
gsettings
gsettings-data-convert
gsettings-schema-convert
gslj
gslp
gsnd
gst-discoverer-0.10
gst-feedback-0.10
gst-inspect-0.10
gst-install
gst-launch-0.10
gstreamer-codec-install
gstreamer-properties
gst-typefind-0.10
gst-visualise-0.10
gst-xmlinspect-0.10
gst-xmllaunch-0.10
gtbl
gtf
gtk-query-immodules-2.0
gtk-query-immodules-3.0
gtk-update-icon-cache
gtk-update-icon-cache-3.0
gtk-window-decorator
gucharmap
guest-account
gunzip
gvfs-cat
gvfs-copy
gvfs-info
gvfs-less
gvfs-ls
gvfs-mime
gvfs-mkdir
gvfs-monitor-dir
gvfs-monitor-file
gvfs-mount
gvfs-move
__gvfs_multiple_uris
gvfs-open
gvfs-rename
gvfs-rm
gvfs-save
gvfs-set-attribute
gvfs-trash
gvfs-tree
gwibber
gwibber-accounts
gwibber-poster
gwibber-preferences
gwibber-service
gzexe
gzip
_gzip
h2ph
h2xs
halt
hardinfo
hash
hbpldecode
hciattach
_hciattach
hciconfig
_hciconfig
hciemu
hcitool
_hcitool
hcitrace
hd
hdparm
head
HEAD
help
helpztags
hexdump
_hid2hci
hipercdecode
history
host
hostid
hostname
hp-align
hp-check
hp-clean
hp-colorcal
hp-firmware
hp-hpdio
hpijs
hp-info
hp-levels
hplj1000
hplj1005
hplj1018
hplj1020
hpljP1005
hpljP1006
hpljP1007
hpljP1008
hpljP1505
hp-makeuri
hp-mkuri
hp-pkservice
hp-plugin
hp-plugin-ubuntu
hp-probe
hp-query
hp-scan
hp-setup
hpssd
hp-testpage
hp-timedate
hp-unload
hwclock
i386
i686-linux-gnu-cpp
i686-linux-gnu-cpp-4.6
i686-linux-gnu-g++
i686-linux-gnu-g++-4.6
i686-linux-gnu-gcc
i686-linux-gnu-gcc-4.6
ibus-daemon
ibus-setup
ibus-table-createdb
iceauth
ico
iconv
_iconv
iconvconfig
id
_id
idlj
iecset
if
ifconfig
ifdown
ifquery
ifup
_ifupdown
ijs_pxljr
im-switch
in
info
_info
infobrowser
infocmp
infokey
infotocap
init
init-checkconf
initctl
initctl2dot
inputattach
insmod
_insmod
install
install-docs
_installed_alternatives
_installed_modules
install-info
install-info
installkernel
install-sgmlcatalog
instmodsh
intel_audio_dump
intel_bios_dumper
intel_bios_reader
intel_error_decode
intel_gpu_dump
intel_gpu_time
intel_gpu_top
intel_gtt
intel_lid
intel_reg_dumper
intel_reg_read
intel_reg_write
intel_stepping
intel_upload_blit_large
intel_upload_blit_large_gtt
intel_upload_blit_large_map
intel_upload_blit_small
invest-chart
_invoke_rc_d
invoke-rc.d
ionice
ip
ip
_ip
ip6tables
ip6tables-apply
ip6tables-multi
ip6tables-restore
ip6tables-save
ipcmk
ipcrm
ipcs
ipmaddr
ipod-read-sysinfo-extended
ipod-time-sync
ipptool
iproxy
iptables
_iptables
iptables-apply
iptables-multi
iptables-restore
iptables-save
iptables-xml
iptunnel
irqbalance
ischroot
isdv4-serial-debugger
isodump
isohybrid
isohybrid.pl
isoinfo
isosize
isovfy
ispell-autobuildhash
ispell-wrapper
itweb-settings
iwconfig
_iwconfig
iwevent
iwgetid
iwlist
_iwlist
iwpriv
_iwpriv
iwspy
_iwspy
jar
_jar
jarsigner
_jarsigner
java
_java
javac
_javac
_java_classes
javadoc
_javadoc
_java_find_classpath
_java_find_sourcepath
javah
javap
_java_packages
_java_path
javaws
_javaws
jconsole
jdb
jexec
jhat
jinfo
jmap
jobs
jockey-gtk
jockey-text
join
jps
jrunscript
jsadebugd
jstack
jstat
jstatd
kbd_mode
kbdrate
kerneloops
kerneloops-submit
_kernels
_kernel_versions
keyctl
keytool
kill
kill
_kill
killall
_killall
killall5
_known_hosts
_known_hosts_real
koi8rxterm
l
l2ping
_l2ping
l2test
la
laptop-detect
last
lastb
lastlog
_lastlog
launchpad-integration
lavadecode
lcf
ld
ldattach
ld.bfd
ld.bfd-link
ldconfig
ldconfig.real
ldd
ld.gold
less
less
lessecho
lessecho
lessfile
lessfile
lesskey
lesskey
lesspipe
lesspipe
let
lex
lexgrog
lftp
_lftp
lftpget
_lftpget
libnetcfg
libreoffice
lightdm
lightdm-session
line
link
linux32
linux64
linux-boot-prober
_linux_fstab
__linux_fstab_unescape
listres
ll
ln
lnstat
loadkeys
loadkeys
loadunimap
local
localc
locale
localedef
locale-gen
locate
lockfile-check
lockfile-create
lockfile-remove
lockfile-touch
lodraw
_loexp_
lofromtemplate
logger
login
logname
logout
logrotate
logsave
loimpress
lomath
_longopt
look
_look
lorder
losetup
loweb
lowntfs-3g
lowriter
lp
lpadmin
lpc
lpdomatic
lpinfo
lpmove
lpoptions
lppasswd
lpq
lpr
lprm
lp_solve
lpstat
ls
ls
lsattr
lsblk
lsb_release
lscpu
lshw
lsinitramfs
lsmod
lsmod
lsof
_lsof
lspci
lspcmcia
lspgpot
lss16toppm
lsusb
ltrace
__ltrim_colon_completions
luit
lwp-download
lwp-dump
lwp-mirror
lwp-request
lxterm
lz
lzcat
lzma
_lzma
lzmainfo
m4
_mac_addresses
mahjongg
mail-lock
mail-touchlock
mail-unlock
make
_make
MAKEDEV
make-ssl-cert
man
_man
mandb
manhole
manpath
mapfile
mapscrn
mattrib
mawk
mbadblocks
mcat
mcd
mcheck
mclasserase
mcomp
mcookie
mcopy
mc-tool
mc-wait-for-name
md5pass
md5sum
md5sum.textutils
mdel
mdeltree
mdir
mdu
memdiskfind
mergecap
mesg
metacity
metacity-message
metacity-theme-viewer
metacity-window-demo
mformat
_mii_tool
mii-tool
mimeopen
mimetype
min12xxw
minfo
miniterm.py
mkdir
mkdiskimage
mkdosfs
mke2fs
mkfifo
mkfontdir
mkfontscale
mkfs
mkfs.bfs
mkfs.cramfs
mkfs.ext2
mkfs.ext3
mkfs.ext4
mkfs.ext4dev
mkfs.minix
mkfs.msdos
mkfs.ntfs
mkfs.vfat
mkhomedir_helper
mkinitramfs
mkisofs
_mkisofs
mklost+found
mkmanifest
mk_modmap
mknod
mkntfs
mkpasswd
mksmbpasswd
mkswap
mktap
mktemp
_mktemp
mkzftree
mlabel
mlocate
mmd
mmount
mmove
mntctl
modem-manager
modinfo
modprobe
_modules
modutil
mono
more
mount
_mount
mountall
mount.cifs
mount.fuse
mount.lowntfs-3g
mount.ntfs
mount.ntfs-3g
mountpoint
mount.smbfs
mount.vboxsf
mousetweaks
mpartition
mrd
mren
mscompress
msexpand
mshowfat
mt
mt-gnu
mtools
mtoolstest
mtr
mtrace
mtype
muinshee
mv
mxtar
mzip
namei
nameif
nano
nano
native2ascii
nautilus
nautilus-autorun-software
nautilus-connect-server
nautilus-sendto
nawk
nc
ncal
nc.openbsd
ncurses5-config
ncursesw5-config
neqn
net
netcat
netkit-ftp
net.samba3
netscsid
net-snmp-config
netstat
NetworkManager
newgrp
_newgrp
newusers
_newusers
nfnl_osf
ngettext
nice
nisdomainname
nl
nm
nm-applet
nmbd
nmblookup
nmblookup.samba3
nmcli
nm-connection-editor
nm-online
nm-tool
nohup
nologin
notify-send
nproc
nroff
nslookup
_nslookup
nstat
nsupdate
ntfs-3g
ntfs-3g.probe
ntfs-3g.secaudit
ntfs-3g.usermap
ntfscat
ntfsck
ntfsclone
ntfscluster
ntfscmp
ntfscp
ntfsdecrypt
ntfsdump_logfile
ntfsfix
ntfsinfo
ntfslabel
ntfsls
ntfsmftalloc
ntfsmove
ntfsresize
ntfstruncate
ntfsundelete
ntfswipe
ntpdate
_ntpdate
ntpdate-debian
nvidia-detector
oakdecode
obex-data-server
objcopy
objdump
oclock
od
ods-server
oil-bugreport
oldfind
omshell
on_ac_power
on_ac_power
onboard
onboard-settings
oneconf-query
open
openssl
_openssl
_openssl_sections
openvt
opldecode
orbd
orca
os-prober
ownership
pacat
pack200
_pack200
package
pacmd
pactl
padsp
pager
palimpsest
pam-auth-update
pam_getenv
pamon
pam_tally
pam_tally2
panel-test-applets
paperconf
paperconfig
paplay
parec
parecord
_parse_help
parted
partprobe
partx
passwd
_passwd
paste
pasuspender
patch
pathchk
pax11publish
pccardctl
_pci_ids
pcimodules
pdb
pdb2.7
pdb3.2
pdbedit
pdf2dsc
pdf2ps
pdffonts
pdfimages
pdfinfo
pdfopt
pdftohtml
pdftoppm
pdftops
pdftotext
peekfd
perl
_perl
perl5.12.4
perlbug
perldoc
_perldoc
_perlfunctions
perlivp
_perlmodules
perlthanks
pf2afm
pfbtopfa
pftp
pg
_pgids
pgrep
_pgrep
pic
pico
piconv
pidof
_pids
pilconvert.py
pildriver.py
pilfile.py
pilfont.py
pilprint.py
ping
ping6
pinky
pivot_root
pk12util
pkaction
pkcheck
pkexec
_pkg_config
pkg-config
pkill
pl2pm
plipconfig
plog
plymouth
plymouthd
plymouth-upstart-bridge
_pm_action
pmap
pm-hibernate
_pm_is_supported
pm-is-supported
_pm_powersave
pm-powersave
pm-suspend
pm-suspend-hybrid
_pnames
pnm2ppa
pod2html
pod2latex
pod2man
pod2text
pod2usage
podchecker
podselect
poff
_poff
policytool
pon
_pon
popcon-largest-unused
popd
popularity-contest
POST
poweroff
ppdc
ppdhtml
ppdi
ppdmerge
ppdpo
pphs
ppmtolss16
pppconfig
pppdump
pppoeconf
pppoe-discovery
pppstats
pptp
pptpsetup
pr
precat
preconv
prename
preunzip
prezip
prezip-bin
print
printafm
printenv
printerbanner
printer-profile
printf
printf
profiles
protoc
prove
proxychains
prtstat
ps
ps2ascii
ps2epsi
ps2pdf
ps2pdf12
ps2pdf13
ps2pdf14
ps2pdfwr
ps2ps
ps2ps2
ps2txt
psed
psfaddtable
psfgettable
psfstriptable
psfxtable
pstree
pstree.x11
pstruct
ptar
ptardiff
ptx
pulseaudio
purple-remote
purple-send
purple-send-async
purple-url-handler
pushd
pwck
_pwck
pwconv
pwd
pwd
pwdx
pwunconv
pxelinux-options
pyclean
pycompile
pydoc
pydoc2.7
pydoc3.2
pygettext
pygettext2.7
pygettext3.2
pyhtmlizer
python
_python
python2.7
python3.2
python3.2mu
pyversions
qdbus
_qdbus
qpdldecode
quote
quote_readline
_quote_readline_by_ref
radeontool
ranlib
rarian-example
rarian-sk-config
rarian-sk-extract
rarian-sk-gen-uuid
rarian-sk-get-cl
rarian-sk-get-content-list
rarian-sk-get-extended-content-list
rarian-sk-get-scripts
rarian-sk-install
rarian-sk-migrate
rarian-sk-preinstall
rarian-sk-rebuild
rarian-sk-update
rarp
raw
rawshark
rbash
rcp
rctest
rdesktop
_rdesktop
rdiffdir
read
readarray
readelf
readlink
readom
readonly
readprofile
_realcommand
__reassemble_comp_words_by_ref
reboot
red
regdbdump
reject
reload
remove-default-ispell
remove-default-wordlist
remove-shell
rename
rename.ul
renice
_renice
_reply_compgen_array
request-key
reset
resize
resize2fs
resizecons
restart
return
rev
rfcomm
_rfcomm
rfkill
_rfkill
rgrep
_rl_enabled
rlogin
rm
rmdir
rmic
rmid
rmiregistry
rmmod
_rmmod
rmt
rmt-tar
rnano
_root_command
route
_route
routef
routel
rpcclient
rpcgen
rpcinfo
rpl8
rsh
rstart
rstartd
rsync
_rsync
rsyslogd
rtacct
rtcwake
_rtcwake
rtkitctl
rtmon
rtstat
runcon
runlevel
run-mailcap
run-parts
run-with-aspell
rview
rvim
s2p
safe_finger
_samba_debuglevel
_samba_domains
_samba_hosts
_samba_resolve_order
saned
sane-find-scanner
savelog
scanimage
schemagen
scp
_scp
scp-dbus-service
_scp_local_files
_scp_remote_files
screendump
script
scriptreplay
scrollkeeper-config
scrollkeeper-extract
scrollkeeper-gen-seriesid
scrollkeeper-get-cl
scrollkeeper-get-content-list
scrollkeeper-get-extended-content-list
scrollkeeper-get-index-from-docpath
scrollkeeper-get-toc-from-docpath
scrollkeeper-get-toc-from-id
scrollkeeper-install
scrollkeeper-preinstall
scrollkeeper-rebuilddb
scrollkeeper-uninstall
scrollkeeper-update
sdiff
sdptool
_sdptool
seahorse
sed
see
select
select-default-ispell
select-default-iwrap
select-default-wordlist
select-editor
sensible-browser
sensible-editor
sensible-pager
seq
serialver
servertool
service
service
_service
_services
session-installer
sessreg
set
setarch
setcap
setfacl
setfacl
setfont
setkeycodes
setleds
setlogcons
setmetamode
setpci
setsid
setterm
setupcon
setvesablank
setvtrgb
setxkbmap
sfdisk
sftp
_sftp
sg
sh
_sh
sha1pass
sha1sum
sha224sum
sha256sum
sha384sum
sha512sum
shadowconfig
shasum
sh.distrib
_shells
shift
shlibsign
shopt
shotwell
shotwell-video-thumbnailer
showconsolefont
showfont
showkey
showrgb
shred
shuf
shutdown
_signals
signtool
simple-scan
size
skill
slabtop
slattach
sleep
slogin
slxdecode
smbcacls
_smbcacls
smbclient
_smbclient
smbcontrol
smbcquotas
_smbcquotas
smbd
smbget
_smbget
smbmount
smbpasswd
_smbpasswd
smbspool
smbstatus
smbstatus.samba3
smbtar
_smbtar
smbtree
_smbtree
smicache
smidiff
smidump
smilint
smiquery
smixlate
smproxy
snice
soelim
soffice
software-center
software-center-gtk3
software-properties-gtk
sol
sort
source
spd-conf
spd-say
speaker-test
speech-dispatcher
splain
split
splitfont
_split_longopt
sprof
ss
ssh
_ssh
ssh-add
ssh-agent
ssh-argv0
ssh-askpass
_ssh_bindaddress
_ssh_ciphers
_ssh_copy_id
ssh-copy-id
sshd
ssh-import-id
ssh-import-lp-id
ssh-keygen
ssh-keyscan
_ssh_macs
_ssh_options
_ssh_suboption
_ssh_suboption_check
ssh-vulnkey
ssltap
stap
stap-authorize-server-cert
stap-authorize-signing-cert
stap-client
stapgraph
stap-server
start
startpar
start-pulseaudio-kde
start-pulseaudio-x11
start-stop-daemon
startx
stat
static-sh
status
stdbuf
stop
strace
_strace
strings
strip
stty
su
_subdirectories
sudo
sudoedit
sudoreplay
sulogin
sum
suspend
svn
_svn
svnadmin
_svnadmin
svnauthz-validate
svndumpfilter
_svndumpfilter
_svn_grcut
_svn_info
_svn_lls
svnlook
_svnlook
svnmucc
svn-populate-node-origins-index
_svn_read_hashfile
svnserve
svnsync
_svnsync
svnversion
swaplabel
swapoff
swapon
switch_root
synaptic
synaptic-pkexec
sync
synclient
syndaemon
sysctl
_sysctl
syslinux
syslinux2ansi
system-config-printer
system-config-printer-applet
tabs
tac
tail
tailf
tap2deb
tap2rpm
tapconvert
tar
_tar
taskset
tbl
tc
tcpd
tcpdchk
tcpdmatch
tcpdump
_tcpdump
tee
telepathy-indicator
telinit
telnet
telnet.netkit
tempfile
test
test
testparm
testparm.samba3
text2pcap
tgz
then
thunderbird
tic
_tilde
time
time
timeout
times
tload
tnameserv
toe
tomboy
top
toshsat1800-irdasetup
toshset
totem
totem-audio-preview
totem-video-indexer
totem-video-thumbnailer
touch
touch
tput
tr
tracepath
tracepath6
traceroute6
traceroute6.iputils
transmission-gtk
trap
trial
troff
true
true
truncate
try-from
tset
tsort
tty
tune2fs
_tune2fs
tunelp
twistd
type
typeset
tzconfig
tzselect
u1couchquery
u1oauthrequest
u1sdtool
ubuntu-bug
ubuntuone-control-panel-gtk
ubuntuone-installer
ubuntuone-launch
ubuntu-support-status
ucf
ucfq
ucfr
ucs2any
udevadm
udevd
udisks
udisks-tcp-bridge
ufw
_ufw
_ufw_app_commands
_ufw_commands
_ufw_default_commands
_ufw_logging_commands
_ufw_rule_commands
_ufw_show_commands
_ufw_status_commands
_uids
ul
ulimit
ulockmgr_server
umask
umax_pp
umount
_umount
umount.udisks
unalias
uname
unattended-upgrade
unattended-upgrades
uncompress
unexpand
unicode_start
unicode_stop
uniq
unity
unity-2d-launcher
unity-2d-panel
unity-2d-places
unity-2d-spread
unity-greeter
unity-window-decorator
unix_chkpwd
unix_update
unlink
unlzma
unopkg
unpack200
_unpack200
unset
unshare
until
unxz
unzip
unzipsfx
_update_alternatives
update-alternatives
update-alternatives
update-apt-xapian-index
update-binfmts
update-bootsystem-insserv
update-ca-certificates
update-catalog
updatedb
updatedb.mlocate
update-default-aspell
update-default-ispell
update-default-wordlist
update-desktop-database
update-dictcommon-aspell
update-dictcommon-hunspell
update-fonts-alias
update-fonts-dir
update-fonts-scale
update-gconf-defaults
update-grub
update-grub2
update-grub-gfxpayload
update-gsfontmap
update-icon-caches
update-icon-caches.gtk2
update-inetd
update-info-dir
_update_initramfs
update-initramfs
update-java-alternatives
update-locale
update-manager
update-mime
update-mime-database
update-mime-database.real
update-notifier
update-openoffice-dicts
update-passwd
update-pciids
update-python-modules
_update_rc_d
update-rc.d
update-rc.d-insserv
update-software-center
update-usbids
update-xmlcatalog
upgrade-from-grub-legacy
upower
_upstart_events
_upstart_initctl
_upstart_jobs
_upstart_reload
_upstart_restart
upstart-socket-bridge
_upstart_start
_upstart_startable_jobs
_upstart_status
_upstart_stop
_upstart_stoppable_jobs
upstart-udev-bridge
uptime
_upvar
_upvars
ureadahead
usb-creator-gtk
usb-devices
usbhid-dump
_usb_ids
usb_modeswitch
usb_modeswitch_dispatcher
usbmuxd
usb_printerid
useradd
_useradd
_user_at_host
userdel
_userdel
_usergroup
usermod
_usermod
users
uuidd
uuidgen
uxterm
uz
validlocale
vbetool
VBoxClient
VBoxClient-all
VBoxControl
VBoxControl
VBoxService
vcstime
vdir
vi
view
viewres
vigr
vim
vim.basic
vimdiff
vim.tiny
vimtutor
vinagre
vino-passwd
vino-preferences
vipw
_vipw
visudo
vmmouse_detect
vmstat
vmwarectrl
volname
vpddecode
vsftpd
vstp
w
wait
wall
watch
watchdog
wc
wd_identify
wd_keepalive
wftopfa
wget
whatis
whereis
which
which
while
whiptail
who
whoami
whois
wipefs
wireshark
wodim
word-list-compress
wpa_action
wpa_cli
wpa_passphrase
wpa_supplicant
w.procps
write
wsgen
wsimport
X
x11perf
x11perfcomp
xargs
xauth
xbiff
xcalc
xclipboard
xclock
xcmsdb
xconsole
xcursorgen
xcutsel
xdg-desktop-icon
xdg-desktop-menu
xdg-email
xdg-icon-resource
xdg-mime
xdg-open
xdg-screensaver
xdg-settings
xdg-user-dir
xdg-user-dirs-gtk-update
xdg-user-dirs-update
xdiagnose
xditview
xdpyinfo
xdriinfo
xedit
xev
xeyes
xfd
xfontsel
xfsinfo
xgamma
xgc
xhost
_xhost
xinit
xinput
xjc
xkbbell
xkbcomp
xkbevd
xkbprint
xkbvleds
xkbwatch
xkeystone
xkill
xload
xlogo
xlsatoms
xlsclients
xlsfonts
xmag
xman
xmessage
xmodmap
_xmodmap
xmore
Xorg
xprop
xqxdecode
xrandr
_xrandr
xrandr-tool
xrdb
_xrdb
xrefresh
x-session-manager
xset
xsetmode
xsetpointer
xsetroot
xsetwacom
xsm
xstdcmap
xsubpp
xterm
x-terminal-emulator
xvidtune
xvinfo
xwd
x-window-manager
xwininfo
xwud
x-www-browser
xxd
xz
_xz
xzcat
xzcmp
xzdiff
xzegrep
xzfgrep
xzgrep
xzless
xzmore
yacc
yelp
yes
ypdomainname
zcat
zcmp
zdiff
zdump
zegrep
_zeitgeist_daemon
zeitgeist-daemon
zeitgeist-datahub
zenity
zfgrep
zforce
zgrep
zic
zip
zipcloak
zipgrep
zipinfo
zipnote
zipsplit
zjsdecode
zless
zmore
znew
zsoelim
