This file contains any messages produced by compilers while
running configure, to aid debugging if configure makes a mistake.

It was created by neweraHPC configure 2.90, which was
generated by GNU Autoconf 2.69.  Invocation command line was

  $ ./configure --disable-shared

## --------- ##
## Platform. ##
## --------- ##

hostname = varun-ubuntu
uname -m = i686
uname -r = 3.0.0-26-generic
uname -s = Linux
uname -v = #43-Ubuntu SMP Tue Sep 25 17:20:50 UTC 2012

/usr/bin/uname -p = unknown
/bin/uname -X     = unknown

/bin/arch              = unknown
/usr/bin/arch -k       = unknown
/usr/convex/getsysinfo = unknown
/usr/bin/hostinfo      = unknown
/bin/machine           = unknown
/usr/bin/oslevel       = unknown
/bin/universe          = unknown

PATH: /usr/local/sbin
PATH: /usr/local/bin
PATH: /usr/sbin
PATH: /usr/bin
PATH: /sbin
PATH: /bin
PATH: /usr/games


## ----------- ##
## Core tests. ##
## ----------- ##

configure:2440: checking for a BSD-compatible install
configure:2508: result: /usr/bin/install -c
configure:2519: checking whether build environment is sane
configure:2569: result: yes
configure:2710: checking for a thread-safe mkdir -p
configure:2749: result: /bin/mkdir -p
configure:2762: checking for gawk
configure:2792: result: no
configure:2762: checking for mawk
configure:2778: found /usr/bin/mawk
configure:2789: result: mawk
configure:2800: checking whether make sets $(MAKE)
configure:2822: result: yes
configure:2913: checking whether make supports nested variables
configure:2930: result: yes
configure:3006: checking for g++
configure:3022: found /usr/bin/g++
configure:3033: result: g++
configure:3060: checking for C++ compiler version
configure:3069: g++ --version >&5
g++ (Ubuntu/Linaro 4.6.1-9ubuntu3) 4.6.1
Copyright (C) 2011 Free Software Foundation, Inc.
This is free software; see the source for copying conditions.  There is NO
warranty; not even for MERCHANTABILITY or FITNESS FOR A PARTICULAR PURPOSE.

configure:3080: $? = 0
configure:3069: g++ -v >&5
Using built-in specs.
COLLECT_GCC=g++
COLLECT_LTO_WRAPPER=/usr/lib/gcc/i686-linux-gnu/4.6.1/lto-wrapper
Target: i686-linux-gnu
Configured with: ../src/configure -v --with-pkgversion='Ubuntu/Linaro 4.6.1-9ubuntu3' --with-bugurl=file:///usr/share/doc/gcc-4.6/README.Bugs --enable-languages=c,c++,fortran,objc,obj-c++,go --prefix=/usr --program-suffix=-4.6 --enable-shared --enable-linker-build-id --with-system-zlib --libexecdir=/usr/lib --without-included-gettext --enable-threads=posix --with-gxx-include-dir=/usr/include/c++/4.6 --libdir=/usr/lib --enable-nls --with-sysroot=/ --enable-clocale=gnu --enable-libstdcxx-debug --enable-libstdcxx-time=yes --enable-plugin --enable-objc-gc --enable-targets=all --disable-werror --with-arch-32=i686 --with-tune=generic --enable-checking=release --build=i686-linux-gnu --host=i686-linux-gnu --target=i686-linux-gnu
Thread model: posix
gcc version 4.6.1 (Ubuntu/Linaro 4.6.1-9ubuntu3) 
configure:3080: $? = 0
configure:3069: g++ -V >&5
g++: error: unrecognized option '-V'
g++: fatal error: no input files
compilation terminated.
configure:3080: $? = 4
configure:3069: g++ -qversion >&5
g++: error: unrecognized option '-qversion'
g++: fatal error: no input files
compilation terminated.
configure:3080: $? = 4
configure:3100: checking whether the C++ compiler works
configure:3122: g++    conftest.cpp  >&5
configure:3126: $? = 0
configure:3174: result: yes
configure:3177: checking for C++ compiler default output file name
configure:3179: result: a.out
configure:3185: checking for suffix of executables
configure:3192: g++ -o conftest    conftest.cpp  >&5
configure:3196: $? = 0
configure:3218: result: 
configure:3240: checking whether we are cross compiling
configure:3248: g++ -o conftest    conftest.cpp  >&5
configure:3252: $? = 0
configure:3259: ./conftest
configure:3263: $? = 0
configure:3278: result: no
configure:3283: checking for suffix of object files
configure:3305: g++ -c   conftest.cpp >&5
configure:3309: $? = 0
configure:3330: result: o
configure:3334: checking whether we are using the GNU C++ compiler
configure:3353: g++ -c   conftest.cpp >&5
configure:3353: $? = 0
configure:3362: result: yes
configure:3371: checking whether g++ accepts -g
configure:3391: g++ -c -g  conftest.cpp >&5
configure:3391: $? = 0
configure:3432: result: yes
configure:3466: checking for style of include used by make
configure:3494: result: GNU
configure:3520: checking dependency style of g++
configure:3631: result: gcc3
configure:3675: checking build system type
configure:3689: result: i686-pc-linux-gnu
configure:3709: checking host system type
configure:3722: result: i686-pc-linux-gnu
configure:3763: checking how to print strings
configure:3790: result: printf
configure:3859: checking for gcc
configure:3875: found /usr/bin/gcc
configure:3886: result: gcc
configure:4115: checking for C compiler version
configure:4124: gcc --version >&5
gcc (Ubuntu/Linaro 4.6.1-9ubuntu3) 4.6.1
Copyright (C) 2011 Free Software Foundation, Inc.
This is free software; see the source for copying conditions.  There is NO
warranty; not even for MERCHANTABILITY or FITNESS FOR A PARTICULAR PURPOSE.

configure:4135: $? = 0
configure:4124: gcc -v >&5
Using built-in specs.
COLLECT_GCC=gcc
COLLECT_LTO_WRAPPER=/usr/lib/gcc/i686-linux-gnu/4.6.1/lto-wrapper
Target: i686-linux-gnu
Configured with: ../src/configure -v --with-pkgversion='Ubuntu/Linaro 4.6.1-9ubuntu3' --with-bugurl=file:///usr/share/doc/gcc-4.6/README.Bugs --enable-languages=c,c++,fortran,objc,obj-c++,go --prefix=/usr --program-suffix=-4.6 --enable-shared --enable-linker-build-id --with-system-zlib --libexecdir=/usr/lib --without-included-gettext --enable-threads=posix --with-gxx-include-dir=/usr/include/c++/4.6 --libdir=/usr/lib --enable-nls --with-sysroot=/ --enable-clocale=gnu --enable-libstdcxx-debug --enable-libstdcxx-time=yes --enable-plugin --enable-objc-gc --enable-targets=all --disable-werror --with-arch-32=i686 --with-tune=generic --enable-checking=release --build=i686-linux-gnu --host=i686-linux-gnu --target=i686-linux-gnu
Thread model: posix
gcc version 4.6.1 (Ubuntu/Linaro 4.6.1-9ubuntu3) 
configure:4135: $? = 0
configure:4124: gcc -V >&5
gcc: error: unrecognized option '-V'
gcc: fatal error: no input files
compilation terminated.
configure:4135: $? = 4
configure:4124: gcc -qversion >&5
gcc: error: unrecognized option '-qversion'
gcc: fatal error: no input files
compilation terminated.
configure:4135: $? = 4
configure:4139: checking whether we are using the GNU C compiler
configure:4158: gcc -c   conftest.c >&5
configure:4158: $? = 0
configure:4167: result: yes
configure:4176: checking whether gcc accepts -g
configure:4196: gcc -c -g  conftest.c >&5
configure:4196: $? = 0
configure:4237: result: yes
configure:4254: checking for gcc option to accept ISO C89
configure:4317: gcc  -c -g -O2  conftest.c >&5
configure:4317: $? = 0
configure:4330: result: none needed
configure:4352: checking dependency style of gcc
configure:4463: result: gcc3
configure:4478: checking for a sed that does not truncate output
configure:4542: result: /bin/sed
configure:4560: checking for grep that handles long lines and -e
configure:4618: result: /bin/grep
configure:4623: checking for egrep
configure:4685: result: /bin/grep -E
configure:4690: checking for fgrep
configure:4752: result: /bin/grep -F
configure:4787: checking for ld used by gcc
configure:4854: result: /usr/bin/ld
configure:4861: checking if the linker (/usr/bin/ld) is GNU ld
configure:4876: result: yes
configure:4888: checking for BSD- or MS-compatible name lister (nm)
configure:4937: result: /usr/bin/nm -B
configure:5067: checking the name lister (/usr/bin/nm -B) interface
configure:5074: gcc -c -g -O2  conftest.c >&5
configure:5077: /usr/bin/nm -B "conftest.o"
configure:5080: output
00000000 B some_variable
configure:5087: result: BSD nm
configure:5090: checking whether ln -s works
configure:5094: result: yes
configure:5102: checking the maximum length of command line arguments
configure:5227: result: 1572864
configure:5244: checking whether the shell understands some XSI constructs
configure:5254: result: yes
configure:5258: checking whether the shell understands "+="
configure:5264: result: yes
configure:5299: checking how to convert i686-pc-linux-gnu file names to i686-pc-linux-gnu format
configure:5339: result: func_convert_file_noop
configure:5346: checking how to convert i686-pc-linux-gnu file names to toolchain format
configure:5366: result: func_convert_file_noop
configure:5373: checking for /usr/bin/ld option to reload object files
configure:5380: result: -r
configure:5454: checking for objdump
configure:5470: found /usr/bin/objdump
configure:5481: result: objdump
configure:5513: checking how to recognize dependent libraries
configure:5715: result: pass_all
configure:5800: checking for dlltool
configure:5830: result: no
configure:5860: checking how to associate runtime and link libraries
configure:5887: result: printf %s\n
configure:5948: checking for ar
configure:5964: found /usr/bin/ar
configure:5975: result: ar
configure:6012: checking for archiver @FILE support
configure:6029: gcc -c -g -O2  conftest.c >&5
configure:6029: $? = 0
configure:6032: ar cru libconftest.a @conftest.lst >&5
configure:6035: $? = 0
configure:6040: ar cru libconftest.a @conftest.lst >&5
ar: conftest.o: No such file or directory
configure:6043: $? = 1
configure:6055: result: @
configure:6113: checking for strip
configure:6129: found /usr/bin/strip
configure:6140: result: strip
configure:6212: checking for ranlib
configure:6228: found /usr/bin/ranlib
configure:6239: result: ranlib
configure:6341: checking command to parse /usr/bin/nm -B output from gcc object
configure:6460: gcc -c -g -O2  conftest.c >&5
configure:6463: $? = 0
configure:6467: /usr/bin/nm -B conftest.o \| sed -n -e 's/^.*[ ]\([ABCDGIRSTW][ABCDGIRSTW]*\)[ ][ ]*\([_A-Za-z][_A-Za-z0-9]*\)$/\1 \2 \2/p' | sed '/ __gnu_lto/d' \> conftest.nm
configure:6470: $? = 0
configure:6536: gcc -o conftest -g -O2   conftest.c conftstm.o >&5
configure:6539: $? = 0
configure:6577: result: ok
configure:6614: checking for sysroot
configure:6644: result: no
configure:6887: checking for mt
configure:6903: found /bin/mt
configure:6914: result: mt
configure:6937: checking if mt is a manifest tool
configure:6943: mt '-?'
configure:6951: result: no
configure:7583: checking how to run the C preprocessor
configure:7614: gcc -E  conftest.c
configure:7614: $? = 0
configure:7628: gcc -E  conftest.c
conftest.c:11:28: fatal error: ac_nonexistent.h: No such file or directory
compilation terminated.
configure:7628: $? = 1
configure: failed program was:
| /* confdefs.h */
| #define PACKAGE_NAME "neweraHPC"
| #define PACKAGE_TARNAME "newerahpc"
| #define PACKAGE_VERSION "2.90"
| #define PACKAGE_STRING "neweraHPC 2.90"
| #define PACKAGE_BUGREPORT "varunmittal91@gmail.com"
| #define PACKAGE_URL ""
| #define PACKAGE "newerahpc"
| #define VERSION "2.90"
| /* end confdefs.h.  */
| #include <ac_nonexistent.h>
configure:7653: result: gcc -E
configure:7673: gcc -E  conftest.c
configure:7673: $? = 0
configure:7687: gcc -E  conftest.c
conftest.c:11:28: fatal error: ac_nonexistent.h: No such file or directory
compilation terminated.
configure:7687: $? = 1
configure: failed program was:
| /* confdefs.h */
| #define PACKAGE_NAME "neweraHPC"
| #define PACKAGE_TARNAME "newerahpc"
| #define PACKAGE_VERSION "2.90"
| #define PACKAGE_STRING "neweraHPC 2.90"
| #define PACKAGE_BUGREPORT "varunmittal91@gmail.com"
| #define PACKAGE_URL ""
| #define PACKAGE "newerahpc"
| #define VERSION "2.90"
| /* end confdefs.h.  */
| #include <ac_nonexistent.h>
configure:7716: checking for ANSI C header files
configure:7736: gcc -c -g -O2  conftest.c >&5
configure:7736: $? = 0
configure:7809: gcc -o conftest -g -O2   conftest.c  >&5
configure:7809: $? = 0
configure:7809: ./conftest
configure:7809: $? = 0
configure:7820: result: yes
configure:7833: checking for sys/types.h
configure:7833: gcc -c -g -O2  conftest.c >&5
configure:7833: $? = 0
configure:7833: result: yes
configure:7833: checking for sys/stat.h
configure:7833: gcc -c -g -O2  conftest.c >&5
configure:7833: $? = 0
configure:7833: result: yes
configure:7833: checking for stdlib.h
configure:7833: gcc -c -g -O2  conftest.c >&5
configure:7833: $? = 0
configure:7833: result: yes
configure:7833: checking for string.h
configure:7833: gcc -c -g -O2  conftest.c >&5
configure:7833: $? = 0
configure:7833: result: yes
configure:7833: checking for memory.h
configure:7833: gcc -c -g -O2  conftest.c >&5
configure:7833: $? = 0
configure:7833: result: yes
configure:7833: checking for strings.h
configure:7833: gcc -c -g -O2  conftest.c >&5
configure:7833: $? = 0
configure:7833: result: yes
configure:7833: checking for inttypes.h
configure:7833: gcc -c -g -O2  conftest.c >&5
configure:7833: $? = 0
configure:7833: result: yes
configure:7833: checking for stdint.h
configure:7833: gcc -c -g -O2  conftest.c >&5
configure:7833: $? = 0
configure:7833: result: yes
configure:7833: checking for unistd.h
configure:7833: gcc -c -g -O2  conftest.c >&5
configure:7833: $? = 0
configure:7833: result: yes
configure:7847: checking for dlfcn.h
configure:7847: gcc -c -g -O2  conftest.c >&5
configure:7847: $? = 0
configure:7847: result: yes
configure:8045: checking for objdir
configure:8060: result: .libs
configure:8331: checking if gcc supports -fno-rtti -fno-exceptions
configure:8349: gcc -c -g -O2  -fno-rtti -fno-exceptions conftest.c >&5
cc1: warning: command line option '-fno-rtti' is valid for C++/ObjC++ but not for C [enabled by default]
configure:8353: $? = 0
configure:8366: result: no
configure:8676: checking for gcc option to produce PIC
configure:8683: result: -fPIC -DPIC
configure:8691: checking if gcc PIC flag -fPIC -DPIC works
configure:8709: gcc -c -g -O2  -fPIC -DPIC -DPIC conftest.c >&5
configure:8713: $? = 0
configure:8726: result: yes
configure:8755: checking if gcc static flag -static works
configure:8783: result: yes
configure:8798: checking if gcc supports -c -o file.o
configure:8819: gcc -c -g -O2  -o out/conftest2.o conftest.c >&5
configure:8823: $? = 0
configure:8845: result: yes
configure:8853: checking if gcc supports -c -o file.o
configure:8900: result: yes
configure:8933: checking whether the gcc linker (/usr/bin/ld) supports shared libraries
configure:10091: result: yes
configure:10336: checking dynamic linker characteristics
configure:10850: gcc -o conftest -g -O2   -Wl,-rpath -Wl,/foo conftest.c  >&5
configure:10850: $? = 0
configure:11072: result: GNU/Linux ld.so
configure:11179: checking how to hardcode library paths into programs
configure:11204: result: immediate
configure:11744: checking whether stripping libraries is possible
configure:11749: result: yes
configure:11784: checking if libtool supports shared libraries
configure:11786: result: yes
configure:11789: checking whether to build shared libraries
configure:11810: result: no
configure:11813: checking whether to build static libraries
configure:11817: result: yes
configure:11840: checking how to run the C++ preprocessor
configure:11867: g++ -E  conftest.cpp
configure:11867: $? = 0
configure:11881: g++ -E  conftest.cpp
conftest.cpp:23:28: fatal error: ac_nonexistent.h: No such file or directory
compilation terminated.
configure:11881: $? = 1
configure: failed program was:
| /* confdefs.h */
| #define PACKAGE_NAME "neweraHPC"
| #define PACKAGE_TARNAME "newerahpc"
| #define PACKAGE_VERSION "2.90"
| #define PACKAGE_STRING "neweraHPC 2.90"
| #define PACKAGE_BUGREPORT "varunmittal91@gmail.com"
| #define PACKAGE_URL ""
| #define PACKAGE "newerahpc"
| #define VERSION "2.90"
| #define STDC_HEADERS 1
| #define HAVE_SYS_TYPES_H 1
| #define HAVE_SYS_STAT_H 1
| #define HAVE_STDLIB_H 1
| #define HAVE_STRING_H 1
| #define HAVE_MEMORY_H 1
| #define HAVE_STRINGS_H 1
| #define HAVE_INTTYPES_H 1
| #define HAVE_STDINT_H 1
| #define HAVE_UNISTD_H 1
| #define HAVE_DLFCN_H 1
| #define LT_OBJDIR ".libs/"
| /* end confdefs.h.  */
| #include <ac_nonexistent.h>
configure:11906: result: g++ -E
configure:11926: g++ -E  conftest.cpp
configure:11926: $? = 0
configure:11940: g++ -E  conftest.cpp
conftest.cpp:23:28: fatal error: ac_nonexistent.h: No such file or directory
compilation terminated.
configure:11940: $? = 1
configure: failed program was:
| /* confdefs.h */
| #define PACKAGE_NAME "neweraHPC"
| #define PACKAGE_TARNAME "newerahpc"
| #define PACKAGE_VERSION "2.90"
| #define PACKAGE_STRING "neweraHPC 2.90"
| #define PACKAGE_BUGREPORT "varunmittal91@gmail.com"
| #define PACKAGE_URL ""
| #define PACKAGE "newerahpc"
| #define VERSION "2.90"
| #define STDC_HEADERS 1
| #define HAVE_SYS_TYPES_H 1
| #define HAVE_SYS_STAT_H 1
| #define HAVE_STDLIB_H 1
| #define HAVE_STRING_H 1
| #define HAVE_MEMORY_H 1
| #define HAVE_STRINGS_H 1
| #define HAVE_INTTYPES_H 1
| #define HAVE_STDINT_H 1
| #define HAVE_UNISTD_H 1
| #define HAVE_DLFCN_H 1
| #define LT_OBJDIR ".libs/"
| /* end confdefs.h.  */
| #include <ac_nonexistent.h>
configure:12110: checking for ld used by g++
configure:12177: result: /usr/bin/ld
configure:12184: checking if the linker (/usr/bin/ld) is GNU ld
configure:12199: result: yes
configure:12254: checking whether the g++ linker (/usr/bin/ld) supports shared libraries
configure:13258: result: yes
configure:13293: g++ -c -g -O2  conftest.cpp >&5
configure:13296: $? = 0
configure:13816: checking for g++ option to produce PIC
configure:13823: result: -fPIC -DPIC
configure:13831: checking if g++ PIC flag -fPIC -DPIC works
configure:13849: g++ -c -g -O2  -fPIC -DPIC -DPIC conftest.cpp >&5
configure:13853: $? = 0
configure:13866: result: yes
configure:13889: checking if g++ static flag -static works
configure:13917: result: yes
configure:13929: checking if g++ supports -c -o file.o
configure:13950: g++ -c -g -O2  -o out/conftest2.o conftest.cpp >&5
configure:13954: $? = 0
configure:13976: result: yes
configure:13981: checking if g++ supports -c -o file.o
configure:14028: result: yes
configure:14058: checking whether the g++ linker (/usr/bin/ld) supports shared libraries
configure:14092: result: yes
configure:14235: checking dynamic linker characteristics
configure:14905: result: GNU/Linux ld.so
configure:14958: checking how to hardcode library paths into programs
configure:14983: result: immediate
configure:15044: checking for pthread_create in -lpthread
configure:15069: gcc -o conftest -g -O2   conftest.c -lpthread   >&5
configure:15069: $? = 0
configure:15078: result: yes
configure:15095: checking pthread.h usability
configure:15095: gcc -c -g -O2  conftest.c >&5
configure:15095: $? = 0
configure:15095: result: yes
configure:15095: checking pthread.h presence
configure:15095: gcc -E  conftest.c
configure:15095: $? = 0
configure:15095: result: yes
configure:15095: checking for pthread.h
configure:15095: result: yes
configure:15107: checking for dlfcn.h
configure:15107: result: yes
configure:15128: checking for stdbool.h that conforms to C99
configure:15195: gcc -c -g -O2  conftest.c >&5
configure:15195: $? = 0
configure:15202: result: yes
configure:15204: checking for _Bool
configure:15204: gcc -c -g -O2  conftest.c >&5
configure:15204: $? = 0
configure:15204: gcc -c -g -O2  conftest.c >&5
conftest.c: In function 'main':
conftest.c:62:20: error: expected expression before ')' token
configure:15204: $? = 1
configure: failed program was:
| /* confdefs.h */
| #define PACKAGE_NAME "neweraHPC"
| #define PACKAGE_TARNAME "newerahpc"
| #define PACKAGE_VERSION "2.90"
| #define PACKAGE_STRING "neweraHPC 2.90"
| #define PACKAGE_BUGREPORT "varunmittal91@gmail.com"
| #define PACKAGE_URL ""
| #define PACKAGE "newerahpc"
| #define VERSION "2.90"
| #define STDC_HEADERS 1
| #define HAVE_SYS_TYPES_H 1
| #define HAVE_SYS_STAT_H 1
| #define HAVE_STDLIB_H 1
| #define HAVE_STRING_H 1
| #define HAVE_MEMORY_H 1
| #define HAVE_STRINGS_H 1
| #define HAVE_INTTYPES_H 1
| #define HAVE_STDINT_H 1
| #define HAVE_UNISTD_H 1
| #define HAVE_DLFCN_H 1
| #define LT_OBJDIR ".libs/"
| #define HAVE_LIBPTHREAD 1
| #define HAVE_PTHREAD_H 1
| #define HAVE_DLFCN_H 1
| /* end confdefs.h.  */
| #include <stdio.h>
| #ifdef HAVE_SYS_TYPES_H
| # include <sys/types.h>
| #endif
| #ifdef HAVE_SYS_STAT_H
| # include <sys/stat.h>
| #endif
| #ifdef STDC_HEADERS
| # include <stdlib.h>
| # include <stddef.h>
| #else
| # ifdef HAVE_STDLIB_H
| #  include <stdlib.h>
| # endif
| #endif
| #ifdef HAVE_STRING_H
| # if !defined STDC_HEADERS && defined HAVE_MEMORY_H
| #  include <memory.h>
| # endif
| # include <string.h>
| #endif
| #ifdef HAVE_STRINGS_H
| # include <strings.h>
| #endif
| #ifdef HAVE_INTTYPES_H
| # include <inttypes.h>
| #endif
| #ifdef HAVE_STDINT_H
| # include <stdint.h>
| #endif
| #ifdef HAVE_UNISTD_H
| # include <unistd.h>
| #endif
| int
| main ()
| {
| if (sizeof ((_Bool)))
| 	    return 0;
|   ;
|   return 0;
| }
configure:15204: result: yes
configure:15221: checking for inline
configure:15237: gcc -c -g -O2  conftest.c >&5
configure:15237: $? = 0
configure:15245: result: inline
configure:15404: creating ./config.status

## ---------------------- ##
## Running config.status. ##
## ---------------------- ##

This file was extended by neweraHPC config.status 2.90, which was
generated by GNU Autoconf 2.69.  Invocation command line was

  CONFIG_FILES    = 
  CONFIG_HEADERS  = 
  CONFIG_LINKS    = 
  CONFIG_COMMANDS = 
  $ ./config.status 

on varun-ubuntu

config.status:1161: creating Makefile
config.status:1161: creating src/Makefile
config.status:1161: creating src/general/Makefile
config.status:1161: creating src/network/Makefile
config.status:1161: creating src/network/web_server/Makefile
config.status:1161: creating src/poll/Makefile
config.status:1161: creating src/ai/Makefile
config.status:1161: creating src/grid/Makefile
config.status:1161: creating src/system/Makefile
config.status:1161: creating tests/Makefile
config.status:1161: creating tests/general/Makefile
config.status:1161: creating tests/network/Makefile
config.status:1161: creating tests/grid/Makefile
config.status:1161: creating config.h
config.status:1342: config.h is unchanged
config.status:1390: executing depfiles commands
config.status:1390: executing libtool commands

## ---------------- ##
## Cache variables. ##
## ---------------- ##

ac_cv_build=i686-pc-linux-gnu
ac_cv_c_compiler_gnu=yes
ac_cv_c_inline=inline
ac_cv_cxx_compiler_gnu=yes
ac_cv_env_CCC_set=
ac_cv_env_CCC_value=
ac_cv_env_CC_set=
ac_cv_env_CC_value=
ac_cv_env_CFLAGS_set=
ac_cv_env_CFLAGS_value=
ac_cv_env_CPPFLAGS_set=
ac_cv_env_CPPFLAGS_value=
ac_cv_env_CPP_set=
ac_cv_env_CPP_value=
ac_cv_env_CXXCPP_set=
ac_cv_env_CXXCPP_value=
ac_cv_env_CXXFLAGS_set=
ac_cv_env_CXXFLAGS_value=
ac_cv_env_CXX_set=
ac_cv_env_CXX_value=
ac_cv_env_LDFLAGS_set=
ac_cv_env_LDFLAGS_value=
ac_cv_env_LIBS_set=
ac_cv_env_LIBS_value=
ac_cv_env_build_alias_set=
ac_cv_env_build_alias_value=
ac_cv_env_host_alias_set=
ac_cv_env_host_alias_value=
ac_cv_env_target_alias_set=
ac_cv_env_target_alias_value=
ac_cv_header_dlfcn_h=yes
ac_cv_header_inttypes_h=yes
ac_cv_header_memory_h=yes
ac_cv_header_pthread_h=yes
ac_cv_header_stdbool_h=yes
ac_cv_header_stdc=yes
ac_cv_header_stdint_h=yes
ac_cv_header_stdlib_h=yes
ac_cv_header_string_h=yes
ac_cv_header_strings_h=yes
ac_cv_header_sys_stat_h=yes
ac_cv_header_sys_types_h=yes
ac_cv_header_unistd_h=yes
ac_cv_host=i686-pc-linux-gnu
ac_cv_lib_pthread_pthread_create=yes
ac_cv_objext=o
ac_cv_path_EGREP='/bin/grep -E'
ac_cv_path_FGREP='/bin/grep -F'
ac_cv_path_GREP=/bin/grep
ac_cv_path_SED=/bin/sed
ac_cv_path_install='/usr/bin/install -c'
ac_cv_path_mkdir=/bin/mkdir
ac_cv_prog_AWK=mawk
ac_cv_prog_CPP='gcc -E'
ac_cv_prog_CXXCPP='g++ -E'
ac_cv_prog_ac_ct_AR=ar
ac_cv_prog_ac_ct_CC=gcc
ac_cv_prog_ac_ct_CXX=g++
ac_cv_prog_ac_ct_MANIFEST_TOOL=mt
ac_cv_prog_ac_ct_OBJDUMP=objdump
ac_cv_prog_ac_ct_RANLIB=ranlib
ac_cv_prog_ac_ct_STRIP=strip
ac_cv_prog_cc_c89=
ac_cv_prog_cc_g=yes
ac_cv_prog_cxx_g=yes
ac_cv_prog_make_make_set=yes
ac_cv_type__Bool=yes
am_cv_CC_dependencies_compiler_type=gcc3
am_cv_CXX_dependencies_compiler_type=gcc3
am_cv_make_support_nested_variables=yes
lt_cv_ar_at_file=@
lt_cv_deplibs_check_method=pass_all
lt_cv_file_magic_cmd='$MAGIC_CMD'
lt_cv_file_magic_test_file=
lt_cv_ld_reload_flag=-r
lt_cv_nm_interface='BSD nm'
lt_cv_objdir=.libs
lt_cv_path_LD=/usr/bin/ld
lt_cv_path_LDCXX=/usr/bin/ld
lt_cv_path_NM='/usr/bin/nm -B'
lt_cv_path_mainfest_tool=no
lt_cv_prog_compiler_c_o=yes
lt_cv_prog_compiler_c_o_CXX=yes
lt_cv_prog_compiler_pic='-fPIC -DPIC'
lt_cv_prog_compiler_pic_CXX='-fPIC -DPIC'
lt_cv_prog_compiler_pic_works=yes
lt_cv_prog_compiler_pic_works_CXX=yes
lt_cv_prog_compiler_rtti_exceptions=no
lt_cv_prog_compiler_static_works=yes
lt_cv_prog_compiler_static_works_CXX=yes
lt_cv_prog_gnu_ld=yes
lt_cv_prog_gnu_ldcxx=yes
lt_cv_sharedlib_from_linklib_cmd='printf %s\n'
lt_cv_shlibpath_overrides_runpath=no
lt_cv_sys_global_symbol_pipe='sed -n -e '\''s/^.*[	 ]\([ABCDGIRSTW][ABCDGIRSTW]*\)[	 ][	 ]*\([_A-Za-z][_A-Za-z0-9]*\)$/\1 \2 \2/p'\'' | sed '\''/ __gnu_lto/d'\'''
lt_cv_sys_global_symbol_to_c_name_address='sed -n -e '\''s/^: \([^ ]*\)[ ]*$/  {\"\1\", (void *) 0},/p'\'' -e '\''s/^[ABCDGIRSTW]* \([^ ]*\) \([^ ]*\)$/  {"\2", (void *) \&\2},/p'\'''
lt_cv_sys_global_symbol_to_c_name_address_lib_prefix='sed -n -e '\''s/^: \([^ ]*\)[ ]*$/  {\"\1\", (void *) 0},/p'\'' -e '\''s/^[ABCDGIRSTW]* \([^ ]*\) \(lib[^ ]*\)$/  {"\2", (void *) \&\2},/p'\'' -e '\''s/^[ABCDGIRSTW]* \([^ ]*\) \([^ ]*\)$/  {"lib\2", (void *) \&\2},/p'\'''
lt_cv_sys_global_symbol_to_cdecl='sed -n -e '\''s/^T .* \(.*\)$/extern int \1();/p'\'' -e '\''s/^[ABCDGIRSTW]* .* \(.*\)$/extern char \1;/p'\'''
lt_cv_sys_max_cmd_len=1572864
lt_cv_to_host_file_cmd=func_convert_file_noop
lt_cv_to_tool_file_cmd=func_convert_file_noop

## ----------------- ##
## Output variables. ##
## ----------------- ##

ACLOCAL='${SHELL} /home/varun/newerahpc3/missing --run aclocal-1.11'
AMDEPBACKSLASH='\'
AMDEP_FALSE='#'
AMDEP_TRUE=''
AMTAR='$${TAR-tar}'
AM_BACKSLASH='\'
AM_DEFAULT_V='$(AM_DEFAULT_VERBOSITY)'
AM_DEFAULT_VERBOSITY='0'
AM_V='$(V)'
AR='ar'
AUTOCONF='${SHELL} /home/varun/newerahpc3/missing --run autoconf'
AUTOHEADER='${SHELL} /home/varun/newerahpc3/missing --run autoheader'
AUTOMAKE='${SHELL} /home/varun/newerahpc3/missing --run automake-1.11'
AWK='mawk'
CC='gcc'
CCDEPMODE='depmode=gcc3'
CFLAGS='-g -O2'
CPP='gcc -E'
CPPFLAGS=''
CXX='g++'
CXXCPP='g++ -E'
CXXDEPMODE='depmode=gcc3'
CXXFLAGS='-g -O2'
CYGPATH_W='echo'
DEFS='-DHAVE_CONFIG_H'
DEPDIR='.deps'
DLLTOOL='false'
DSYMUTIL=''
DUMPBIN=''
ECHO_C=''
ECHO_N='-n'
ECHO_T=''
EGREP='/bin/grep -E'
EXEEXT=''
FGREP='/bin/grep -F'
GREP='/bin/grep'
INSTALL_DATA='${INSTALL} -m 644'
INSTALL_PROGRAM='${INSTALL}'
INSTALL_SCRIPT='${INSTALL}'
INSTALL_STRIP_PROGRAM='$(install_sh) -c -s'
LD='/usr/bin/ld'
LDFLAGS=''
LIBOBJS=''
LIBS='-lpthread '
LIBTOOL='$(SHELL) $(top_builddir)/libtool'
LIPO=''
LN_S='ln -s'
LTLIBOBJS=''
MAKEINFO='${SHELL} /home/varun/newerahpc3/missing --run makeinfo'
MANIFEST_TOOL=':'
MKDIR_P='/bin/mkdir -p'
NM='/usr/bin/nm -B'
NMEDIT=''
OBJDUMP='objdump'
OBJEXT='o'
OTOOL64=''
OTOOL=''
PACKAGE='newerahpc'
PACKAGE_BUGREPORT='varunmittal91@gmail.com'
PACKAGE_NAME='neweraHPC'
PACKAGE_STRING='neweraHPC 2.90'
PACKAGE_TARNAME='newerahpc'
PACKAGE_URL=''
PACKAGE_VERSION='2.90'
PATH_SEPARATOR=':'
RANLIB='ranlib'
SED='/bin/sed'
SET_MAKE=''
SHELL='/bin/bash'
STRIP='strip'
VERSION='2.90'
ac_ct_AR='ar'
ac_ct_CC='gcc'
ac_ct_CXX='g++'
ac_ct_DUMPBIN=''
am__EXEEXT_FALSE=''
am__EXEEXT_TRUE='#'
am__fastdepCC_FALSE='#'
am__fastdepCC_TRUE=''
am__fastdepCXX_FALSE='#'
am__fastdepCXX_TRUE=''
am__include='include'
am__isrc=''
am__leading_dot='.'
am__nodep='_no'
am__quote=''
am__tar='$${TAR-tar} chof - "$$tardir"'
am__untar='$${TAR-tar} xf -'
bindir='${exec_prefix}/bin'
build='i686-pc-linux-gnu'
build_alias=''
build_cpu='i686'
build_os='linux-gnu'
build_vendor='pc'
datadir='${datarootdir}'
datarootdir='${prefix}/share'
docdir='${datarootdir}/doc/${PACKAGE_TARNAME}'
dvidir='${docdir}'
exec_prefix='${prefix}'
host='i686-pc-linux-gnu'
host_alias=''
host_cpu='i686'
host_os='linux-gnu'
host_vendor='pc'
htmldir='${docdir}'
includedir='${prefix}/include'
infodir='${datarootdir}/info'
install_sh='${SHELL} /home/varun/newerahpc3/install-sh'
libdir='${exec_prefix}/lib'
libexecdir='${exec_prefix}/libexec'
localedir='${datarootdir}/locale'
localstatedir='${prefix}/var'
mandir='${datarootdir}/man'
mkdir_p='/bin/mkdir -p'
oldincludedir='/usr/include'
pdfdir='${docdir}'
prefix='/usr/local'
program_transform_name='s,x,x,'
psdir='${docdir}'
sbindir='${exec_prefix}/sbin'
sharedstatedir='${prefix}/com'
sysconfdir='${prefix}/etc'
target_alias=''

## ----------- ##
## confdefs.h. ##
## ----------- ##

/* confdefs.h */
#define PACKAGE_NAME "neweraHPC"
#define PACKAGE_TARNAME "newerahpc"
#define PACKAGE_VERSION "2.90"
#define PACKAGE_STRING "neweraHPC 2.90"
#define PACKAGE_BUGREPORT "varunmittal91@gmail.com"
#define PACKAGE_URL ""
#define PACKAGE "newerahpc"
#define VERSION "2.90"
#define STDC_HEADERS 1
#define HAVE_SYS_TYPES_H 1
#define HAVE_SYS_STAT_H 1
#define HAVE_STDLIB_H 1
#define HAVE_STRING_H 1
#define HAVE_MEMORY_H 1
#define HAVE_STRINGS_H 1
#define HAVE_INTTYPES_H 1
#define HAVE_STDINT_H 1
#define HAVE_UNISTD_H 1
#define HAVE_DLFCN_H 1
#define LT_OBJDIR ".libs/"
#define HAVE_LIBPTHREAD 1
#define HAVE_PTHREAD_H 1
#define HAVE_DLFCN_H 1
#define HAVE__BOOL 1
#define HAVE_STDBOOL_H 1

configure: exit 0
